0 info it worked if it ends with ok
1 verbose cli [ '/Users/rayhan/.nvm/v0.10.38/bin/node',
1 verbose cli   '/Users/rayhan/.nvm/v0.10.38/bin/npm',
1 verbose cli   'install',
1 verbose cli   'grunt',
1 verbose cli   '--save-dev' ]
2 info using npm@1.4.28
3 info using node@v0.10.38
4 error Error: Invalid name: "RCV Interactive"
4 error     at ensureValidName (/Users/rayhan/.nvm/v0.10.38/lib/node_modules/npm/node_modules/read-package-json/node_modules/normalize-package-data/lib/fixer.js:315:15)
4 error     at Object.module.exports.fixNameField (/Users/rayhan/.nvm/v0.10.38/lib/node_modules/npm/node_modules/read-package-json/node_modules/normalize-package-data/lib/fixer.js:204:5)
4 error     at /Users/rayhan/.nvm/v0.10.38/lib/node_modules/npm/node_modules/read-package-json/node_modules/normalize-package-data/lib/normalize.js:30:38
4 error     at Array.forEach (native)
4 error     at normalize (/Users/rayhan/.nvm/v0.10.38/lib/node_modules/npm/node_modules/read-package-json/node_modules/normalize-package-data/lib/normalize.js:29:15)
4 error     at final (/Users/rayhan/.nvm/v0.10.38/lib/node_modules/npm/node_modules/read-package-json/read-json.js:342:33)
4 error     at then (/Users/rayhan/.nvm/v0.10.38/lib/node_modules/npm/node_modules/read-package-json/read-json.js:126:33)
4 error     at /Users/rayhan/.nvm/v0.10.38/lib/node_modules/npm/node_modules/read-package-json/read-json.js:316:48
4 error     at evalmachine.<anonymous>:208:20
4 error     at OpenReq.Req.done (/Users/rayhan/.nvm/v0.10.38/lib/node_modules/npm/node_modules/graceful-fs/graceful-fs.js:141:5)
5 error If you need help, you may report this *entire* log,
5 error including the npm and node versions, at:
5 error     <http://github.com/npm/npm/issues>
6 error System Darwin 14.0.0
7 error command "/Users/rayhan/.nvm/v0.10.38/bin/node" "/Users/rayhan/.nvm/v0.10.38/bin/npm" "install" "grunt" "--save-dev"
8 error cwd /Users/rayhan/WebstormProjects/RCV
9 error node -v v0.10.38
10 error npm -v 1.4.28
11 verbose exit [ 1, true ]
